<?xml version="1.0" encoding="UTF-8"?>
<testsuites name="Login1" time="15.853" tests="1" failures="0" errors="0">
   <testsuite name="Login1" tests="1" failures="0" errors="0" time="15.853" skipped="0" timestamp="18-09-2024T10:58:23" hostname="user - DESKTOP-A34VSJG" id="Test Suites/Login1">
      <properties>
         <property name="deviceName" value=""/>
         <property name="devicePlatform"/>
         <property name="logFolder" value="C:\\Users\\user\\git\\KatalonPractice\\Reports\\20240918_105817\\Login1\\20240918_105817"/>
         <property name="logFiles" value="C:\\Users\\user\\git\\KatalonPractice\\Reports\\20240918_105817\\Login1\\20240918_105817\\execution0.log"/>
         <property name="attachments" value=""/>
         <property name="hostName" value="user - DESKTOP-A34VSJG"/>
         <property name="os" value="Windows 11 64bit"/>
         <property name="katalonVersion" value="9.6.0.217"/>
         <property name="browser" value="Chrome 128.0.0.0"/>
         <property name="hostAddress" value="10.149.23.3"/>
         <property name="sessionId" value="976ed784cb170457ae1ce75a73c7fcd2"/>
         <property name="seleniumVersion" value="3.141.59"/>
         <property name="proxyInformation" value="ProxyInformation { proxyOption=NO_PROXY, proxyServerType=HTTP, username=, password=********, proxyServerAddress=, proxyServerPort=0, executionList=&quot;&quot;, isApplyToDesiredCapabilities=true }"/>
         <property name="platform" value="Windows 11"/>
      </properties>
      <testcase name="Test Cases/TestTest1/Login" time="15.425" classname="Test Cases/TestTest1/Login" status="PASSED">
         <system-out><![CDATA[18-09-2024T10:58:23 - [TEST_CASE][PASSED] - Test Cases/TestTest1/Login: Test Cases/TestTest1/Login

18-09-2024T10:58:24 - [TEST_STEP][PASSED] - openBrowser(""): Browser is opened with url: ''

18-09-2024T10:58:24 - [MESSAGE][INFO] - Starting 'Chrome' driver

18-09-2024T10:58:24 - [MESSAGE][INFO] - Action delay is set to 0 milliseconds

18-09-2024T10:58:28 - [MESSAGE][PASSED] - Browser is opened with url: ''

18-09-2024T10:58:28 - [TEST_STEP][PASSED] - navigateToUrl("https://demowebshop.tricentis.com/"): Navigate to 'https://demowebshop.tricentis.com/' successfully

18-09-2024T10:58:31 - [MESSAGE][PASSED] - Navigate to 'https://demowebshop.tricentis.com/' successfully

18-09-2024T10:58:31 - [TEST_STEP][PASSED] - click(findTestObject("Object Repository/LoginTest/Page_Demo Web Shop/a_Log in")): Object: 'Object Repository/LoginTest/Page_Demo Web Shop/a_Log in' is clicked on

18-09-2024T10:58:34 - [MESSAGE][PASSED] - Object: 'Object Repository/LoginTest/Page_Demo Web Shop/a_Log in' is clicked on

18-09-2024T10:58:34 - [TEST_STEP][PASSED] - setText(findTestObject("Object Repository/LoginTest/Page_Demo Web Shop. Login/input_Email_Email"), Username): Text 'SreeRak@gmail.com' is set on object 'Object Repository/LoginTest/Page_Demo Web Shop. Login/input_Email_Email'

18-09-2024T10:58:36 - [MESSAGE][PASSED] - Text 'SreeRak@gmail.com' is set on object 'Object Repository/LoginTest/Page_Demo Web Shop. Login/input_Email_Email'

18-09-2024T10:58:36 - [TEST_STEP][PASSED] - setText(findTestObject("Object Repository/LoginTest/Page_Demo Web Shop. Login/input_Password_Password"), Password): Text 'Rakesh1@' is set on object 'Object Repository/LoginTest/Page_Demo Web Shop. Login/input_Password_Password'

18-09-2024T10:58:37 - [MESSAGE][PASSED] - Text 'Rakesh1@' is set on object 'Object Repository/LoginTest/Page_Demo Web Shop. Login/input_Password_Password'

18-09-2024T10:58:37 - [TEST_STEP][PASSED] - click(findTestObject("Object Repository/LoginTest/Page_Demo Web Shop. Login/input_Forgot password_button-1 login-button")): Object: 'Object Repository/LoginTest/Page_Demo Web Shop. Login/input_Forgot password_button-1 login-button' is clicked on

18-09-2024T10:58:38 - [MESSAGE][PASSED] - Object: 'Object Repository/LoginTest/Page_Demo Web Shop. Login/input_Forgot password_button-1 login-button' is clicked on

18-09-2024T10:58:38 - [TEST_STEP][PASSED] - closeBrowser(): Browser is closed

18-09-2024T10:58:39 - [MESSAGE][PASSED] - Browser is closed]]></system-out>
         <system-err><![CDATA[]]></system-err>
      </testcase>
      <system-out><![CDATA[18-09-2024T10:58:23 - [TEST_SUITE][PASSED] - Login1: Test Cases/TestTest1/Login]]></system-out>
      <system-err><![CDATA[]]></system-err>
   </testsuite>
</testsuites>
