<?xml version="1.0" encoding="UTF-8"?>
<testsuites name="Login" time="11.027" tests="1" failures="0" errors="0">
   <testsuite name="Login" tests="1" failures="0" errors="0" time="11.027" skipped="0" timestamp="18-09-2024T10:39:16" hostname="user - DESKTOP-A34VSJG" id="Test Suites/Login">
      <properties>
         <property name="deviceName" value=""/>
         <property name="devicePlatform"/>
         <property name="logFolder" value="C:\\Users\\user\\git\\KatalonPractice\\Reports\\20240918_103908\\Login\\20240918_103908"/>
         <property name="logFiles" value="C:\\Users\\user\\git\\KatalonPractice\\Reports\\20240918_103908\\Login\\20240918_103908\\execution0.log"/>
         <property name="attachments" value=""/>
         <property name="hostName" value="user - DESKTOP-A34VSJG"/>
         <property name="os" value="Windows 11 64bit"/>
         <property name="katalonVersion" value="9.6.0.217"/>
         <property name="browser" value="Chrome 128.0.0.0"/>
         <property name="hostAddress" value="10.149.23.3"/>
         <property name="sessionId" value="1a60e2400db42eae3ea9a635fdd6af35"/>
         <property name="seleniumVersion" value="3.141.59"/>
         <property name="proxyInformation" value="ProxyInformation { proxyOption=NO_PROXY, proxyServerType=HTTP, username=, password=********, proxyServerAddress=, proxyServerPort=0, executionList=&quot;&quot;, isApplyToDesiredCapabilities=true }"/>
         <property name="platform" value="Windows 11"/>
      </properties>
      <testcase name="Test Cases/LoginTest/Login" time="10.68" classname="Test Cases/LoginTest/Login" status="PASSED">
         <system-out><![CDATA[18-09-2024T10:39:16 - [TEST_CASE][PASSED] - Test Cases/LoginTest/Login: Test Cases/LoginTest/Login

18-09-2024T10:39:17 - [TEST_STEP][PASSED] - openBrowser(""): Browser is opened with url: ''

18-09-2024T10:39:17 - [MESSAGE][INFO] - Starting 'Chrome' driver

18-09-2024T10:39:17 - [MESSAGE][INFO] - Action delay is set to 0 milliseconds

18-09-2024T10:39:19 - [MESSAGE][PASSED] - Browser is opened with url: ''

18-09-2024T10:39:19 - [TEST_STEP][PASSED] - navigateToUrl("https://demowebshop.tricentis.com/"): Navigate to 'https://demowebshop.tricentis.com/' successfully

18-09-2024T10:39:22 - [MESSAGE][PASSED] - Navigate to 'https://demowebshop.tricentis.com/' successfully

18-09-2024T10:39:22 - [TEST_STEP][PASSED] - click(findTestObject("Object Repository/LoginTest/Page_Demo Web Shop/a_Log in")): Object: 'Object Repository/LoginTest/Page_Demo Web Shop/a_Log in' is clicked on

18-09-2024T10:39:23 - [MESSAGE][PASSED] - Object: 'Object Repository/LoginTest/Page_Demo Web Shop/a_Log in' is clicked on

18-09-2024T10:39:23 - [TEST_STEP][PASSED] - setText(findTestObject("Object Repository/LoginTest/Page_Demo Web Shop. Login/input_Email_Email"), Username): Text 'SreeRak@gmail.com' is set on object 'Object Repository/LoginTest/Page_Demo Web Shop. Login/input_Email_Email'

18-09-2024T10:39:24 - [MESSAGE][PASSED] - Text 'SreeRak@gmail.com' is set on object 'Object Repository/LoginTest/Page_Demo Web Shop. Login/input_Email_Email'

18-09-2024T10:39:24 - [TEST_STEP][PASSED] - setText(findTestObject("Object Repository/LoginTest/Page_Demo Web Shop. Login/input_Password_Password"), Password): Text 'Rakesh1@' is set on object 'Object Repository/LoginTest/Page_Demo Web Shop. Login/input_Password_Password'

18-09-2024T10:39:24 - [MESSAGE][PASSED] - Text 'Rakesh1@' is set on object 'Object Repository/LoginTest/Page_Demo Web Shop. Login/input_Password_Password'

18-09-2024T10:39:24 - [TEST_STEP][PASSED] - click(findTestObject("Object Repository/LoginTest/Page_Demo Web Shop. Login/input_Forgot password_button-1 login-button")): Object: 'Object Repository/LoginTest/Page_Demo Web Shop. Login/input_Forgot password_button-1 login-button' is clicked on

18-09-2024T10:39:26 - [MESSAGE][PASSED] - Object: 'Object Repository/LoginTest/Page_Demo Web Shop. Login/input_Forgot password_button-1 login-button' is clicked on

18-09-2024T10:39:26 - [TEST_STEP][PASSED] - closeBrowser(): Browser is closed

18-09-2024T10:39:27 - [MESSAGE][PASSED] - Browser is closed]]></system-out>
         <system-err><![CDATA[]]></system-err>
      </testcase>
      <system-out><![CDATA[18-09-2024T10:39:16 - [TEST_SUITE][PASSED] - Login: Test Cases/LoginTest/Login]]></system-out>
      <system-err><![CDATA[]]></system-err>
   </testsuite>
</testsuites>
